<?xml version="1.0" encoding="UTF-8"?>
<!-- Generated by org.testng.reporters.JUnitReportReporter -->
<testsuite hostname="WINDELLAP-919.local" failures="0" tests="2" name="TestScriptsBackend.VerifyProductReviewTest" time="38.660" errors="0" timestamp="2024-02-06T22:30:10 IST" skipped="0">
  <testcase classname="TestScriptsBackend.VerifyProductReviewTest" name="doReview" time="15.169"/>
  <system-out/>
  <testcase classname="TestScriptsBackend.VerifyProductReviewTest" name="reviewOnWebsite" time="23.491"/>
  <system-out/>
</testsuite> <!-- TestScriptsBackend.VerifyProductReviewTest -->
