<?xml version="1.0" encoding="UTF-8"?>
<!-- Generated by org.testng.reporters.JUnitReportReporter -->
<testsuite hostname="WINDELLAP-919.local" failures="0" tests="1" name="TestScriptsBackend.VerifyDisabledFieldsTest" time="12.547" errors="0" timestamp="2024-02-06T22:30:10 IST" skipped="0">
  <testcase classname="TestScriptsBackend.VerifyDisabledFieldsTest" name="verifyDisabledFields" time="12.547"/>
  <system-out/>
</testsuite> <!-- TestScriptsBackend.VerifyDisabledFieldsTest -->
