<?xml version="1.0" encoding="UTF-8"?>
<!-- Generated by org.testng.reporters.JUnitReportReporter -->
<testsuite hostname="WINDELLAP-919.local" failures="0" tests="1" name="TestScriptsBackend.VerifyInvoiceDateSortTest" time="13.002" errors="0" timestamp="2024-02-06T22:30:10 IST" skipped="0">
  <testcase classname="TestScriptsBackend.VerifyInvoiceDateSortTest" name="verifyInvoiceSort" time="13.002"/>
  <system-out/>
</testsuite> <!-- TestScriptsBackend.VerifyInvoiceDateSortTest -->
